1578916819|/index.php?id=info|http://00000000mysite.local/index.php?id=log
1578916819|/index.php?id=about|http://00000000mysite.local/index.php?id=info
1578916820|/index.php?id=contact|http://00000000mysite.local/index.php?id=about
1578916824|/index.php?id=log|http://00000000mysite.local/index.php?id=contact
1579006199|/|
1579017110|/|
1579183036|/|
1579510418|/|
1579510420|/index.php?id=gbook|http://00000000mysite.local/
1579512860|/index.php?id=gbook|http://00000000mysite.local/
1579512861|/index.php?id=gbook|http://00000000mysite.local/
1579512869|/index.php?id=gbook|http://00000000mysite.local/
1579512889|/index.php?id=gbook|http://00000000mysite.local/
1579512948|/index.php?id=gbook|http://00000000mysite.local/
1579512981|/index.php?id=gbook|http://00000000mysite.local/
1579513734|/index.php?id=gbook|http://00000000mysite.local/index.php?id=gbook
1579513956|/index.php|http://00000000mysite.local/index.php?id=gbook
1579513957|/index.php?id=contact|http://00000000mysite.local/index.php
1579513964|/index.php?id=info|http://00000000mysite.local/index.php?id=contact
1579513968|/index.php|http://00000000mysite.local/test/index.php
1579513969|/index.php?id=gbook|http://00000000mysite.local/index.php
1579513977|/index.php?id=log|http://00000000mysite.local/index.php?id=gbook
1579514132|/index.php?id=gbook|http://00000000mysite.local/index.php?id=log
1579514137|/index.php?id=gbook|http://00000000mysite.local/index.php?id=gbook
1579514714|/index.php?id=info|http://00000000mysite.local/index.php?id=gbook
1579514716|/index.php?id=gbook|http://00000000mysite.local/index.php?id=info
1579514724|/index.php?id=gbook|http://00000000mysite.local/index.php?id=gbook
1579514771|/index.php?id=gbook|http://00000000mysite.local/index.php?id=gbook
1579514809|/index.php?id=gbook|http://00000000mysite.local/index.php?id=gbook
1579514816|/index.php?id=gbook|http://00000000mysite.local/index.php?id=gbook
1579683940|/|
1579683948|/index.php?id=gbook|http://00000000mysite.local/
1579684325|/index.php?id=gbook|http://00000000mysite.local/
1579684395|/index.php?id=gbook|http://00000000mysite.local/index.php?id=gbook
1579684414|/index.php?id=gbook|http://00000000mysite.local/index.php?id=gbook
1579684503|/index.php?id=gbook|http://00000000mysite.local/index.php?id=gbook
1579684846|/index.php?id=gbook|http://00000000mysite.local/index.php?id=gbook
1579684878|/index.php?id=gbook|http://00000000mysite.local/index.php?id=gbook
1579685373|/index.php?id=gbook|http://00000000mysite.local/index.php?id=gbook
1580366180|/|
1580366188|/index.php?id=gbook|http://00000000mysite.local/
1580366891|/index.php?id=gbook|http://00000000mysite.local/
1580367010|/index.php?id=gbook|http://00000000mysite.local/index.php?id=gbook
1580367034|/index.php?id=gbook|http://00000000mysite.local/
1580367037|/index.php?id=gbook|http://00000000mysite.local/
1580367051|/index.php|
1580367054|/index.php?id=gbook|http://00000000mysite.local/index.php
1580367059|/index.php?id=about|http://00000000mysite.local/index.php
1580367064|/index.php?id=contact|http://00000000mysite.local/index.php?id=about
1580367065|/index.php?id=gbook|http://00000000mysite.local/index.php?id=contact
1580367083|/index.php?id=gbook|http://00000000mysite.local/index.php?id=contact
1580367097|/index.php?id=contact|http://00000000mysite.local/index.php?id=about
1580367106|/index.php?id=gbook|http://00000000mysite.local/index.php?id=contact
1580367137|/index.php?id=contact|http://00000000mysite.local/index.php?id=about
1580367140|/index.php?id=gbook|http://00000000mysite.local/index.php?id=contact
1580367151|/index.php?id=gbook|http://00000000mysite.local/index.php?id=gbook
1580367163|/index.php?id=gbook|http://00000000mysite.local/index.php?id=gbook
1580367173|/index.php?id=gbook|http://00000000mysite.local/index.php?id=gbook
1580367269|/index.php?id=gbook|http://00000000mysite.local/index.php?id=gbook
1580367330|/index.php?id=gbook|http://00000000mysite.local/index.php?id=gbook
1580367341|/index.php?id=gbook|http://00000000mysite.local/index.php?id=gbook
1580367529|/index.php|http://00000000mysite.local/test/index.php
1580367715|/index.php?id=gbook|http://00000000mysite.local/index.php
1580367722|/index.php?id=gbook|http://00000000mysite.local/index.php?id=gbook
1580367737|/index.php?id=gbook|http://00000000mysite.local/index.php?id=gbook
1580563964|/|
1580564210|/index.php?id=gbook|http://00000000mysite.local/
1580564221|/index.php?id=gbook|http://00000000mysite.local/index.php?id=gbook
1580564453|/index.php?id=gbook|http://00000000mysite.local/index.php?id=gbook
1580565086|/|
1580565089|/|
1580565090|/index.php?id=gbook|http://00000000mysite.local/
1580565096|/index.php?id=gbook|http://00000000mysite.local/index.php?id=gbook
1580565119|/index.php?id=gbook|http://00000000mysite.local/index.php?id=gbook
1580565542|/index.php?id=contact|http://00000000mysite.local/index.php?id=gbook
1580565544|/index.php?id=contact|http://00000000mysite.local/index.php?id=gbook
1580565545|/index.php?id=gbook|http://00000000mysite.local/index.php?id=contact
1580565551|/index.php?id=gbook|http://00000000mysite.local/index.php?id=gbook
1580565564|/index.php?id=gbook|http://00000000mysite.local/index.php?id=gbook
1580565626|/index.php?id=gbook|http://00000000mysite.local/index.php?id=gbook
1580566317|/index.php?id=contact|http://00000000mysite.local/index.php?id=gbook
1580566318|/index.php?id=contact|http://00000000mysite.local/index.php?id=gbook
1580566320|/index.php?id=contact|http://00000000mysite.local/index.php?id=gbook
1580566321|/index.php?id=gbook|http://00000000mysite.local/index.php?id=contact
1580566332|/index.php?id=gbook|http://00000000mysite.local/index.php?id=gbook
1580566414|/index.php?id=gbook|http://00000000mysite.local/index.php?id=gbook
1580566464|/index.php?id=gbook|http://00000000mysite.local/index.php?id=gbook
1580566703|/index.php?id=gbook|http://00000000mysite.local/index.php?id=gbook
1580566744|/index.php?id=gbook|http://00000000mysite.local/index.php?id=gbook
1580567118|/index.php?id=gbook|http://00000000mysite.local/index.php?id=gbook
1580571535|/index.php?id=gbook|http://00000000mysite.local/index.php?id=gbook
1580571543|/index.php?id=gbook|http://00000000mysite.local/index.php?id=gbook
1580571573|/index.php?id=gbook|http://00000000mysite.local/index.php?id=gbook
1580669816|/index.php?id=gbook|http://00000000mysite.local/index.php?id=gbook
1580670015|/index.php?id=gbook|http://00000000mysite.local/index.php?id=gbook
1580670029|/index.php?id=gbook|http://00000000mysite.local/index.php?id=gbook
1580671019|/index.php|http://00000000mysite.local/index.php?id=gbook
1580671041|/index.php|http://00000000mysite.local/index.php?id=gbook
1580671465|/index.php|http://00000000mysite.local/index.php?id=gbook
1580672242|/index.php|http://00000000mysite.local/index.php?id=gbook
1580673337|/00000000mysite.local/index.php?_ijt=t2kn0bndl1ma040jaceq2fhou|
1580673344|/|
1580673699|/00000000mysite.local/index.php?_ijt=o3sh5oanij0079t5so9ipq15tn|
1580673778|/00000000mysite.local/index.php?_ijt=o3sh5oanij0079t5so9ipq15tn|
1580712351|/|
1580712361|/|
1580712366|/|
1580712437|/|
1582730020|/|
1582730102|/|
1582730104|/index.php?id=gbook|http://00000000mysite.local/
1582730115|/index.php?id=gbook|http://00000000mysite.local/
1582730152|/index.php?id=gbook|http://00000000mysite.local/index.php?id=gbook
